[ 2015-09-03T11:04:29+08:00 ] ::1 /stuface/Public/img/55e6a765f0b1f.jpg
ERR: 无法加载模块:Public

[ 2015-09-03T11:05:43+08:00 ] ::1 /stuface/Public/img/55e6a765f0b1f.jpg
ERR: 无法加载模块:Public

[ 2015-09-03T11:05:43+08:00 ] ::1 /stuface/Public/upimage/%E6%90%9C%E7%B4%A2%E6%8C%89%E9%92%AE.png
ERR: 无法加载模块:Public

[ 2015-09-03T11:05:44+08:00 ] ::1 /stuface/Public/upimage/%E6%90%9C%E7%B4%A2%E6%8C%89%E9%92%AE.png
ERR: 无法加载模块:Public

[ 2015-09-03T11:05:44+08:00 ] ::1 /stuface/Public/img/55e6a765f0b1f.jpg
ERR: 无法加载模块:Public

[ 2015-09-03T11:06:01+08:00 ] ::1 /stuface/Public/upimage/55e6a765f0b1f.jpg
ERR: 无法加载模块:Public

[ 2015-09-03T11:06:02+08:00 ] ::1 /stuface/Public/upimage/55e6a765f0b1f.jpg
ERR: 无法加载模块:Public

[ 2015-09-03T11:06:02+08:00 ] ::1 /stuface/Public/upimage/55e6a765f0b1f.jpg
ERR: 无法加载模块:Public

[ 2015-09-03T11:06:03+08:00 ] ::1 /stuface/Public/upimage/55e6a765f0b1f.jpg
ERR: 无法加载模块:Public

[ 2015-09-03T11:06:34+08:00 ] ::1 /stuface/Public/allimage/55e6a765f0b1f.jpg
ERR: 无法加载模块:Public

[ 2015-09-03T11:24:15+08:00 ] ::1 /stuface/Public/allimage/bbb
ERR: 无法加载模块:Public

[ 2015-09-03T12:36:16+08:00 ] ::1 /stuface/Public/55e6af2907944.jpg
ERR: 无法加载模块:Public

[ 2015-09-03T12:36:16+08:00 ] ::1 /stuface/Public/22.jpg
ERR: 无法加载模块:Public

[ 2015-09-03T14:12:03+08:00 ] ::1 /stuface/55e6af2907944_big.jpg
ERR: 无法加载模块:55e6af2907944_big

[ 2015-09-03T14:12:55+08:00 ] ::1 /stuface/__PUBLIC__/allimage/55e6af2907944_big.jpg
ERR: 无法加载模块:__PUBLIC__

[ 2015-09-03T14:13:45+08:00 ] ::1 /stuface/__PUBLIC__/allimage/55e6af2907944_big.jpg
ERR: 无法加载模块:__PUBLIC__

[ 2015-09-03T14:14:35+08:00 ] ::1 /stuface/Public/allimage/undefined
ERR: 无法加载模块:Public

[ 2015-09-03T14:18:37+08:00 ] ::1 /stuface/Public/allimage/undefined
ERR: 无法加载模块:Public

[ 2015-09-03T14:19:20+08:00 ] ::1 /stuface/Public/allimage/undefined
ERR: 无法加载模块:Public

[ 2015-09-03T14:19:36+08:00 ] ::1 /stuface/Public/allimage/undefined
ERR: 无法加载模块:Public

[ 2015-09-03T14:21:34+08:00 ] ::1 /stuface/Public/allimage/undefined
ERR: 无法加载模块:Public

