[ 2015-09-01T18:43:19+08:00 ] ::1 /stuface/
INFO: [ app_init ] --START--
INFO: Run Behavior\BuildLiteBehavior [ RunTime:0.000050s ]
INFO: [ app_init ] --END-- [ RunTime:0.000366s ]
INFO: [ app_begin ] --START--
INFO: Run Behavior\ReadHtmlCacheBehavior [ RunTime:0.000966s ]
INFO: [ app_begin ] --END-- [ RunTime:0.001114s ]
INFO: [ view_parse ] --START--
INFO: [ template_filter ] --START--
INFO: Run Behavior\ContentReplaceBehavior [ RunTime:0.000263s ]
INFO: [ template_filter ] --END-- [ RunTime:0.000738s ]
INFO: Run Behavior\ParseTemplateBehavior [ RunTime:0.008513s ]
INFO: [ view_parse ] --END-- [ RunTime:0.008625s ]
INFO: [ view_filter ] --START--
INFO: Run Behavior\WriteHtmlCacheBehavior [ RunTime:0.000590s ]
INFO: [ view_filter ] --END-- [ RunTime:0.000687s ]
INFO: [ app_end ] --START--
INFO: Run Behavior\ShowPageTraceBehavior [ RunTime:0.000878s ]
INFO: [ app_end ] --END-- [ RunTime:0.001008s ]

[ 2015-09-01T18:54:33+08:00 ] ::1 /stuface/
INFO: [ app_init ] --START--
INFO: Run Behavior\BuildLiteBehavior [ RunTime:0.000027s ]
INFO: [ app_init ] --END-- [ RunTime:0.000553s ]
INFO: [ app_begin ] --START--
INFO: Run Behavior\ReadHtmlCacheBehavior [ RunTime:0.000687s ]
INFO: [ app_begin ] --END-- [ RunTime:0.000791s ]
INFO: [ view_parse ] --START--
INFO: [ template_filter ] --START--
INFO: Run Behavior\ContentReplaceBehavior [ RunTime:0.000053s ]
INFO: [ template_filter ] --END-- [ RunTime:0.000168s ]
INFO: Run Behavior\ParseTemplateBehavior [ RunTime:0.013587s ]
INFO: [ view_parse ] --END-- [ RunTime:0.013798s ]
INFO: [ view_filter ] --START--
INFO: Run Behavior\WriteHtmlCacheBehavior [ RunTime:0.000613s ]
INFO: [ view_filter ] --END-- [ RunTime:0.000711s ]
INFO: [ app_end ] --START--
INFO: Run Behavior\ShowPageTraceBehavior [ RunTime:0.000726s ]
INFO: [ app_end ] --END-- [ RunTime:0.000827s ]

[ 2015-09-01T21:04:28+08:00 ] ::1 /stuface/
INFO: [ app_init ] --START--
INFO: Run Behavior\BuildLiteBehavior [ RunTime:0.000024s ]
INFO: [ app_init ] --END-- [ RunTime:0.000512s ]
INFO: [ app_begin ] --START--
INFO: Run Behavior\ReadHtmlCacheBehavior [ RunTime:0.000876s ]
INFO: [ app_begin ] --END-- [ RunTime:0.000978s ]

[ 2015-09-01T21:04:49+08:00 ] ::1 /stuface/
INFO: [ app_init ] --START--
INFO: Run Behavior\BuildLiteBehavior [ RunTime:0.000025s ]
INFO: [ app_init ] --END-- [ RunTime:0.000465s ]
INFO: [ app_begin ] --START--
INFO: Run Behavior\ReadHtmlCacheBehavior [ RunTime:0.000521s ]
INFO: [ app_begin ] --END-- [ RunTime:0.000633s ]

[ 2015-09-01T21:04:49+08:00 ] ::1 /stuface/
INFO: [ app_init ] --START--
INFO: Run Behavior\BuildLiteBehavior [ RunTime:0.000028s ]
INFO: [ app_init ] --END-- [ RunTime:0.001292s ]
INFO: [ app_begin ] --START--
INFO: Run Behavior\ReadHtmlCacheBehavior [ RunTime:0.000573s ]
INFO: [ app_begin ] --END-- [ RunTime:0.000678s ]

[ 2015-09-01T21:04:50+08:00 ] ::1 /stuface/
INFO: [ app_init ] --START--
INFO: Run Behavior\BuildLiteBehavior [ RunTime:0.000025s ]
INFO: [ app_init ] --END-- [ RunTime:0.000475s ]
INFO: [ app_begin ] --START--
INFO: Run Behavior\ReadHtmlCacheBehavior [ RunTime:0.001646s ]
INFO: [ app_begin ] --END-- [ RunTime:0.001831s ]

[ 2015-09-01T21:05:19+08:00 ] ::1 /stuface/
INFO: [ app_init ] --START--
INFO: Run Behavior\BuildLiteBehavior [ RunTime:0.000025s ]
INFO: [ app_init ] --END-- [ RunTime:0.000507s ]
INFO: [ app_begin ] --START--
INFO: Run Behavior\ReadHtmlCacheBehavior [ RunTime:0.000532s ]
INFO: [ app_begin ] --END-- [ RunTime:0.000643s ]
INFO: [ view_parse ] --START--
INFO: [ template_filter ] --START--
INFO: Run Behavior\ContentReplaceBehavior [ RunTime:0.000049s ]
INFO: [ template_filter ] --END-- [ RunTime:0.000160s ]
INFO: Run Behavior\ParseTemplateBehavior [ RunTime:0.010102s ]
INFO: [ view_parse ] --END-- [ RunTime:0.010218s ]
INFO: [ view_filter ] --START--
INFO: Run Behavior\WriteHtmlCacheBehavior [ RunTime:0.000476s ]
INFO: [ view_filter ] --END-- [ RunTime:0.000601s ]
INFO: [ app_end ] --START--
INFO: Run Behavior\ShowPageTraceBehavior [ RunTime:0.002122s ]
INFO: [ app_end ] --END-- [ RunTime:0.002242s ]

[ 2015-09-01T21:12:48+08:00 ] ::1 /stuface/index.php?m=Home&c=Index&a=login
ERR: 非法操作:login

[ 2015-09-01T21:13:04+08:00 ] ::1 /stuface/index.php?m=Home&c=Index&a=login
ERR: 非法操作:login

[ 2015-09-01T22:56:12+08:00 ] ::1 /stuface/index.php?m=Home&c=Index&a=upload
ERR: 不存在的图像文件

[ 2015-09-01T22:57:45+08:00 ] ::1 /stuface/index.php?m=Home&c=Index&a=upload
ERR: 不存在的图像文件

[ 2015-09-01T23:06:30+08:00 ] ::1 /stuface/Home/Myimage
ERR: 不存在的图像文件

[ 2015-09-01T23:06:52+08:00 ] ::1 /stuface/Home/Myimage/indx
ERR: 非法操作:indx

[ 2015-09-01T23:07:03+08:00 ] ::1 /stuface/Home/Myimage/index
ERR: 不存在的图像文件

[ 2015-09-01T23:12:35+08:00 ] ::1 /stuface/Home/Myimage/index
ERR: 不存在的图像文件

[ 2015-09-01T23:13:51+08:00 ] ::1 /stuface/Home/Myimage/index
ERR: 不存在的图像文件

[ 2015-09-01T23:13:52+08:00 ] ::1 /stuface/Home/Myimage/index
ERR: 不存在的图像文件

[ 2015-09-01T23:13:52+08:00 ] ::1 /stuface/Home/Myimage/index
ERR: 不存在的图像文件

[ 2015-09-01T23:13:52+08:00 ] ::1 /stuface/Home/Myimage/index
ERR: 不存在的图像文件

[ 2015-09-01T23:13:53+08:00 ] ::1 /stuface/Home/Myimage/index
ERR: 不存在的图像文件

[ 2015-09-01T23:14:54+08:00 ] ::1 /stuface/Home/Myimage/index
ERR: 不存在的图像文件

[ 2015-09-01T23:15:19+08:00 ] ::1 /stuface/Home/Myimage/index
ERR: 不存在的图像文件

[ 2015-09-01T23:16:47+08:00 ] ::1 /stuface/Home/Myimage/index
ERR: 不存在的图像文件

[ 2015-09-01T23:18:38+08:00 ] ::1 /stuface/Home/Myimage/index
ERR: 不存在的图像文件

[ 2015-09-01T23:18:39+08:00 ] ::1 /stuface/Home/Myimage/index
ERR: 不存在的图像文件

[ 2015-09-01T23:18:47+08:00 ] ::1 /stuface/Home/Myimage/index
ERR: 不存在的图像文件

[ 2015-09-01T23:23:43+08:00 ] ::1 /stuface/Home/Myimage/index
ERR: 非法图像文件

[ 2015-09-01T23:23:44+08:00 ] ::1 /stuface/Home/Myimage/index
ERR: 非法图像文件

[ 2015-09-01T23:23:44+08:00 ] ::1 /stuface/Home/Myimage/index
ERR: 非法图像文件

[ 2015-09-01T23:23:44+08:00 ] ::1 /stuface/Home/Myimage/index
ERR: 非法图像文件

[ 2015-09-01T23:23:44+08:00 ] ::1 /stuface/Home/Myimage/index
ERR: 非法图像文件

[ 2015-09-01T23:23:52+08:00 ] ::1 /stuface/Home/Myimage/index
ERR: 非法图像文件

