[ 2015-09-05T10:48:28+08:00 ] ::1 /stuface/index.php?m=Admin&c=Index&a=readers
ERR: SQLSTATE[42S02]: Base table or view not found: 1146 Table 'smileface.tbl_readers' doesn't exist

[ 2015-09-05T10:48:30+08:00 ] ::1 /stuface/index.php?m=Admin&c=Index&a=news
ERR: SQLSTATE[42S02]: Base table or view not found: 1146 Table 'smileface.tbl_news' doesn't exist

[ 2015-09-05T10:55:45+08:00 ] ::1 /stuface/index.php?m=Admin&c=Index&a=news
ERR: SQLSTATE[42S02]: Base table or view not found: 1146 Table 'smileface.tbl_news' doesn't exist

[ 2015-09-05T10:57:05+08:00 ] ::1 /stuface/index.php?m=Admin&c=Index&a=uploadpic
ERR: SQLSTATE[42S02]: Base table or view not found: 1146 Table 'smileface.tbl_news' doesn't exist

[ 2015-09-05T10:57:08+08:00 ] ::1 /stuface/index.php?m=Admin&c=Index&a=check
ERR: SQLSTATE[42S02]: Base table or view not found: 1146 Table 'smileface.tbl_readers' doesn't exist

[ 2015-09-05T10:58:34+08:00 ] ::1 /stuface/index.php?m=Admin&c=Index&a=uploadpic
ERR: SQLSTATE[42S02]: Base table or view not found: 1146 Table 'smileface.tbl_news' doesn't exist

[ 2015-09-05T10:59:24+08:00 ] ::1 /stuface/index.php?m=Admin&c=Index&a=uploadpic
ERR: SQLSTATE[42S02]: Base table or view not found: 1146 Table 'smileface.tbl_news' doesn't exist

[ 2015-09-05T11:03:07+08:00 ] ::1 /stuface/index.php?m=Admin&c=Index&a=uploadpic
ERR: SQLSTATE[42S02]: Base table or view not found: 1146 Table 'smileface.tbl_news' doesn't exist

[ 2015-09-05T11:28:53+08:00 ] ::1 /stuface/index.php?m=Admin&c=News&a=add
ERR: 无法加载控制器:News

[ 2015-09-05T11:41:40+08:00 ] ::1 /stuface/index.php?m=Admin&c=Image&a=addpic
ERR: 无法加载控制器:Image

[ 2015-09-05T11:56:35+08:00 ] ::1 /stuface/index.php?m=Admin&c=Image&a=addpic
ERR: 无法加载控制器:Image

